<?xml version="1.0" encoding="UTF-8"?>
<!-- Generated by org.testng.reporters.JUnitReportReporter -->
<testsuite hostname="LAPTOP-T36DLRBO" name="testAutomation.LoginTests" tests="2" failures="0" timestamp="2 Apr 2019 17:51:27 GMT" time="13.822" errors="0">
  <testcase name="login_WrongPassword" time="8.191" classname="testAutomation.LoginTests"/>
  <testcase name="login_correctCredentials" time="5.631" classname="testAutomation.LoginTests"/>
</testsuite> <!-- testAutomation.LoginTests -->
